<?xml version="1.0" encoding="UTF-8"?>
<!-- Generated by org.testng.reporters.JUnitXMLReporter -->
<testsuite hostname="LENOVO-PC" ignored="1" name="Test" tests="3" failures="0" timestamp="2020-05-30T14:52:27 IST" time="148.798" errors="0">
  <testcase name="passedScenario" time="49.234" classname="AppiumFramework.AppiumFramework.Ecommerce_Tc_2"/>
  <testcase name="apiDemoTest" time="46.658" classname="AppiumFramework.AppiumFramework.ApiDemoTestLocators"/>
  <testcase name="apiDemoTest" time="47.779" classname="AppiumFramework.AppiumFramework.ApiDemoTestLocators"/>
  <testcase name="@BeforeTest killAllNodes" time="0.0" classname="AppiumFramework.AppiumFramework.Base">
    <ignored/>
  </testcase> <!-- @BeforeTest killAllNodes -->
</testsuite> <!-- Test -->
