<?xml version="1.0" encoding="UTF-8"?>
<!-- Generated by org.testng.reporters.JUnitXMLReporter -->
<testsuite hostname="LENOVO-PC" ignored="2" name="Test" tests="3" failures="0" timestamp="2020-06-01T16:05:22 IST" time="170.482" errors="0">
  <testcase name="passedScenario" time="50.565" classname="AppiumFramework.AppiumFramework.Ecommerce_Tc_2"/>
  <testcase name="apiDemoTest" time="44.054" classname="AppiumFramework.AppiumFramework.ApiDemoTestLocators"/>
  <testcase name="apiDemoTest" time="43.864" classname="AppiumFramework.AppiumFramework.ApiDemoTestLocators"/>
  <testcase name="@BeforeTest killAllNodes" time="0.0" classname="AppiumFramework.AppiumFramework.Base">
    <ignored/>
  </testcase> <!-- @BeforeTest killAllNodes -->
  <testcase name="@AfterTest stopEmulator" time="0.0" classname="AppiumFramework.AppiumFramework.Base">
    <ignored/>
  </testcase> <!-- @AfterTest stopEmulator -->
</testsuite> <!-- Test -->
