<?xml version="1.0" encoding="UTF-8"?>
<testng-results skipped="0" failed="0" ignored="2" total="5" passed="3">
  <reporter-output>
    <line>
      <![CDATA[Test Successfully passed]]>
    </line>
  </reporter-output>
  <suite name="Suite" duration-ms="170482" started-at="2020-06-01T16:02:32 IST" finished-at="2020-06-01T16:05:22 IST">
    <groups>
    </groups>
    <test name="Test" duration-ms="170482" started-at="2020-06-01T16:02:32 IST" finished-at="2020-06-01T16:05:22 IST">
      <class name="AppiumFramework.AppiumFramework.Ecommerce_Tc_2">
        <test-method status="PASS" signature="killAllNodes()[pri:0, instance:AppiumFramework.AppiumFramework.Ecommerce_Tc_2@458c1321]" name="killAllNodes" is-config="true" duration-ms="5018" started-at="2020-06-01T16:02:32 IST" finished-at="2020-06-01T16:02:37 IST">
          <reporter-output>
          </reporter-output>
        </test-method> <!-- killAllNodes -->
        <test-method status="PASS" signature="serviceStart()[pri:0, instance:AppiumFramework.AppiumFramework.Ecommerce_Tc_2@458c1321]" name="serviceStart" is-config="true" duration-ms="3767" started-at="2020-06-01T16:02:37 IST" finished-at="2020-06-01T16:02:40 IST">
          <reporter-output>
          </reporter-output>
        </test-method> <!-- serviceStart -->
        <test-method status="PASS" signature="passedScenario()[pri:0, instance:AppiumFramework.AppiumFramework.Ecommerce_Tc_2@458c1321]" name="passedScenario" duration-ms="50565" started-at="2020-06-01T16:02:40 IST" finished-at="2020-06-01T16:03:31 IST">
          <reporter-output>
            <line>
              <![CDATA[Test Successfully passed]]>
            </line>
          </reporter-output>
        </test-method> <!-- passedScenario -->
        <test-method status="PASS" signature="serviceStop()[pri:0, instance:AppiumFramework.AppiumFramework.Ecommerce_Tc_2@458c1321]" name="serviceStop" is-config="true" duration-ms="840" started-at="2020-06-01T16:03:31 IST" finished-at="2020-06-01T16:03:32 IST">
          <reporter-output>
          </reporter-output>
        </test-method> <!-- serviceStop -->
        <test-method status="PASS" signature="stopEmulator()[pri:0, instance:AppiumFramework.AppiumFramework.Ecommerce_Tc_2@458c1321]" name="stopEmulator" is-config="true" duration-ms="10014" started-at="2020-06-01T16:05:12 IST" finished-at="2020-06-01T16:05:22 IST">
          <reporter-output>
          </reporter-output>
        </test-method> <!-- stopEmulator -->
      </class> <!-- AppiumFramework.AppiumFramework.Ecommerce_Tc_2 -->
      <class name="AppiumFramework.AppiumFramework.ApiDemoTestLocators">
        <test-method status="PASS" signature="serviceStart()[pri:0, instance:AppiumFramework.AppiumFramework.ApiDemoTestLocators@11438d26]" name="serviceStart" is-config="true" duration-ms="5655" started-at="2020-06-01T16:03:32 IST" finished-at="2020-06-01T16:03:38 IST">
          <reporter-output>
          </reporter-output>
        </test-method> <!-- serviceStart -->
        <test-method status="PASS" signature="apiDemoTest(java.lang.String)[pri:0, instance:AppiumFramework.AppiumFramework.ApiDemoTestLocators@11438d26]" name="apiDemoTest" duration-ms="44054" started-at="2020-06-01T16:03:38 IST" data-provider="InputData" finished-at="2020-06-01T16:04:22 IST">
          <params>
            <param index="0">
              <value>
                <![CDATA[helllo]]>
              </value>
            </param>
          </params>
          <reporter-output>
          </reporter-output>
        </test-method> <!-- apiDemoTest -->
        <test-method status="PASS" signature="serviceStop()[pri:0, instance:AppiumFramework.AppiumFramework.ApiDemoTestLocators@11438d26]" name="serviceStop" is-config="true" duration-ms="913" started-at="2020-06-01T16:04:22 IST" finished-at="2020-06-01T16:04:23 IST">
          <reporter-output>
          </reporter-output>
        </test-method> <!-- serviceStop -->
        <test-method status="PASS" signature="serviceStart()[pri:0, instance:AppiumFramework.AppiumFramework.ApiDemoTestLocators@11438d26]" name="serviceStart" is-config="true" duration-ms="5062" started-at="2020-06-01T16:04:23 IST" finished-at="2020-06-01T16:04:28 IST">
          <reporter-output>
          </reporter-output>
        </test-method> <!-- serviceStart -->
        <test-method status="PASS" signature="apiDemoTest(java.lang.String)[pri:0, instance:AppiumFramework.AppiumFramework.ApiDemoTestLocators@11438d26]" name="apiDemoTest" duration-ms="43864" started-at="2020-06-01T16:04:28 IST" data-provider="InputData" finished-at="2020-06-01T16:05:11 IST">
          <params>
            <param index="0">
              <value>
                <![CDATA[@#%$/]]>
              </value>
            </param>
          </params>
          <reporter-output>
          </reporter-output>
        </test-method> <!-- apiDemoTest -->
        <test-method status="PASS" signature="serviceStop()[pri:0, instance:AppiumFramework.AppiumFramework.ApiDemoTestLocators@11438d26]" name="serviceStop" is-config="true" duration-ms="608" started-at="2020-06-01T16:05:11 IST" finished-at="2020-06-01T16:05:12 IST">
          <reporter-output>
          </reporter-output>
        </test-method> <!-- serviceStop -->
      </class> <!-- AppiumFramework.AppiumFramework.ApiDemoTestLocators -->
    </test> <!-- Test -->
  </suite> <!-- Suite -->
</testng-results>
