<?xml version="1.0" encoding="UTF-8"?>
<testng-results skipped="0" failed="0" ignored="1" total="4" passed="3">
  <reporter-output>
    <line>
      <![CDATA[Test Successfully passed]]>
    </line>
  </reporter-output>
  <suite name="Suite" duration-ms="124543" started-at="2020-05-30T15:43:56 IST" finished-at="2020-05-30T15:46:01 IST">
    <groups>
    </groups>
    <test name="Test" duration-ms="124543" started-at="2020-05-30T15:43:56 IST" finished-at="2020-05-30T15:46:01 IST">
      <class name="AppiumFramework.AppiumFramework.Ecommerce_Tc_2">
        <test-method status="PASS" signature="killAllNodes()[pri:0, instance:AppiumFramework.AppiumFramework.Ecommerce_Tc_2@78e67e0a]" name="killAllNodes" is-config="true" duration-ms="5029" started-at="2020-05-30T15:43:56 IST" finished-at="2020-05-30T15:44:01 IST">
          <reporter-output>
          </reporter-output>
        </test-method> <!-- killAllNodes -->
        <test-method status="PASS" signature="passedScenario()[pri:0, instance:AppiumFramework.AppiumFramework.Ecommerce_Tc_2@78e67e0a]" name="passedScenario" duration-ms="44003" started-at="2020-05-30T15:44:01 IST" finished-at="2020-05-30T15:44:45 IST">
          <reporter-output>
            <line>
              <![CDATA[Test Successfully passed]]>
            </line>
          </reporter-output>
        </test-method> <!-- passedScenario -->
      </class> <!-- AppiumFramework.AppiumFramework.Ecommerce_Tc_2 -->
      <class name="AppiumFramework.AppiumFramework.ApiDemoTestLocators">
        <test-method status="PASS" signature="apiDemoTest(java.lang.String)[pri:0, instance:AppiumFramework.AppiumFramework.ApiDemoTestLocators@bd8db5a]" name="apiDemoTest" duration-ms="37218" started-at="2020-05-30T15:44:45 IST" data-provider="InputData" finished-at="2020-05-30T15:45:22 IST">
          <params>
            <param index="0">
              <value>
                <![CDATA[helllo]]>
              </value>
            </param>
          </params>
          <reporter-output>
          </reporter-output>
        </test-method> <!-- apiDemoTest -->
        <test-method status="PASS" signature="apiDemoTest(java.lang.String)[pri:0, instance:AppiumFramework.AppiumFramework.ApiDemoTestLocators@bd8db5a]" name="apiDemoTest" duration-ms="38237" started-at="2020-05-30T15:45:22 IST" data-provider="InputData" finished-at="2020-05-30T15:46:01 IST">
          <params>
            <param index="0">
              <value>
                <![CDATA[@#%$/]]>
              </value>
            </param>
          </params>
          <reporter-output>
          </reporter-output>
        </test-method> <!-- apiDemoTest -->
      </class> <!-- AppiumFramework.AppiumFramework.ApiDemoTestLocators -->
    </test> <!-- Test -->
  </suite> <!-- Suite -->
</testng-results>
